2025-02-09 17:23:00 | WARN | repo=auction | action=test | passed=true
2025-02-28 08:17:00 | DEBUG | repo=auction | action=commit
2025-05-05 08:00:00 | DEBUG | repo=auction | action=commit
2025-01-17 15:09:00 | DEBUG | repo=auction | action=commit
2025-07-28 21:00:00 | DEBUG | repo=auction | action=edit | files=3
2025-07-24 19:37:00 | DEBUG | repo=auction | action=pull
2025-07-04 20:20:00 | WARN | repo=auction | action=test | passed=true
2025-10-06 16:53:00 | DEBUG | repo=auction | action=commit
2025-10-03 21:46:00 | DEBUG | repo=auction | action=commit
2025-12-24 12:37:00 | INFO | repo=auction | action=commit
2025-02-22 12:21:00 | DEBUG | repo=auction | action=commit
2025-09-17 08:48:00 | DEBUG | repo=auction | action=pull
2025-05-24 08:35:00 | INFO | repo=auction | action=edit | files=4
2025-01-08 15:43:00 | INFO | repo=auction | action=test | passed=true
2025-05-15 07:20:00 | DEBUG | repo=auction | action=commit
2025-06-25 08:28:00 | DEBUG | repo=auction | action=pull
2025-12-26 21:51:00 | DEBUG | repo=auction | action=commit
2025-12-05 19:22:00 | DEBUG | repo=auction | action=commit
2025-07-14 08:06:00 | DEBUG | repo=auction | action=commit
2025-08-24 13:47:00 | DEBUG | repo=auction | action=commit
2025-01-14 10:35:00 | INFO | repo=auction | action=test | passed=true
2025-07-28 14:13:00 | INFO | repo=auction | action=test | passed=true
2025-02-13 18:01:00 | INFO | repo=auction | action=commit
